   IRC wrapper for Orca - version 2.0
   by Filipe Teixeira, 
   REQUIMTE
   Faculdade de Ciencias da Universidade do Porto

  Using Orca from: /home/filipe/compchem/orca/run-Orca-4.0.1 
  
  Parameters for this run: 
      Algorithm:       1
      N. Points:      50
     Grad. Tol.:  0.0001
        Hessian: acoh-migration-ts-optts.hess
           Mode:       6
      Direction:       1
          Alpha:  0.0500
          Delta:  0.0500
    Damp Factor:  0.0500
    Damp Update:       0
    Max. Displ.:  0.0100
          Guess: acoh-migration-ts-optts.gbw

------------------------------------------------
   Pt.               Energy RMS Grad.       Damp
------------------------------------------------
@    1       -229.165528326   0.00612   5.00e-02
@    2       -229.166014993   0.00213   5.00e-02
@    3       -229.167456441   0.01214   5.00e-02
@    4       -229.171838663   0.01508   5.00e-02
@    5       -229.180302207   0.01916   5.00e-02
@    6       -229.188403045   0.01726   5.00e-02
@    7       -229.195080214   0.01274   5.00e-02
@    8       -229.199849694   0.01602   5.00e-02
@    9       -229.203744575   0.00798   5.00e-02
@   10       -229.206857422   0.01374   5.00e-02
@   11       -229.209117506   0.00477   5.00e-02
@   12       -229.211163147   0.01065   5.00e-02
@   13       -229.212298556   0.00296   5.00e-02
@   14       -229.212999256   0.00626   5.00e-02
@   15       -229.213381418   0.00294   5.00e-02
@   16       -229.213779282   0.00348   5.00e-02
@   17       -229.213951466   0.00153   5.00e-02
@   18       -229.214034263   0.00159   5.00e-02
@   19       -229.214124787   0.00110   5.00e-02
@   20       -229.214155834   0.00084   5.00e-02
@   21       -229.214172193   0.00103   5.00e-02
@   22       -229.214164526   0.00121   5.00e-02
----------------------------------------------
--             ENERGY INCREASED             --
--            GEOMETRY  MIGHT BE            --
--          VERY CLOSE TO A MINIMUM         --
--                                          --
--        IRC CALCULATION TERMINATED!       --
----------------------------------------------
