   IRC wrapper for Orca - version 2.0
   by Filipe Teixeira, 
   REQUIMTE
   Faculdade de Ciencias da Universidade do Porto

  Using Orca from: /home/filipe/compchem/orca/run-Orca-4.0.1 
  
  Parameters for this run: 
      Algorithm:       1
      N. Points:      50
     Grad. Tol.:  0.0001
        Hessian: acoh-migration-ts-optts.hess
           Mode:       6
      Direction:      -1
          Alpha:  0.0500
          Delta:  0.0500
    Damp Factor:  0.0500
    Damp Update:       0
    Max. Displ.:  0.0100
          Guess: acoh-migration-ts-optts.gbw

------------------------------------------------
   Pt.               Energy RMS Grad.       Damp
------------------------------------------------
@    1       -229.165522235   0.00617   5.00e-02
@    2       -229.166019486   0.00222   5.00e-02
@    3       -229.167598144   0.01280   5.00e-02
@    4       -229.172269435   0.01509   5.00e-02
@    5       -229.180902326   0.01922   5.00e-02
@    6       -229.188804906   0.01703   5.00e-02
@    7       -229.195306410   0.01265   5.00e-02
@    8       -229.199942368   0.01577   5.00e-02
@    9       -229.203743542   0.00797   5.00e-02
@   10       -229.206770119   0.01356   5.00e-02
@   11       -229.208989749   0.00481   5.00e-02
@   12       -229.210976363   0.01059   5.00e-02
@   13       -229.212109824   0.00303   5.00e-02
@   14       -229.212816487   0.00628   5.00e-02
@   15       -229.213206778   0.00296   5.00e-02
@   16       -229.213595643   0.00360   5.00e-02
@   17       -229.213770424   0.00164   5.00e-02
@   18       -229.213863120   0.00163   5.00e-02
@   19       -229.213954942   0.00110   5.00e-02
@   20       -229.213985553   0.00088   5.00e-02
@   21       -229.214003302   0.00107   5.00e-02
@   22       -229.213990667   0.00132   5.00e-02
----------------------------------------------
--             ENERGY INCREASED             --
--            GEOMETRY  MIGHT BE            --
--          VERY CLOSE TO A MINIMUM         --
--                                          --
--        IRC CALCULATION TERMINATED!       --
----------------------------------------------
