   IRC wrapper for Orca - version 2.0
   by Filipe Teixeira, 
   REQUIMTE
   Faculdade de Ciencias da Universidade do Porto

  Using Orca from: /home/filipe/compchem/orca/run-Orca-4.0.1 
  
  Parameters for this run: 
      Algorithm:       1
      N. Points:     100
     Grad. Tol.:  0.0001
        Hessian: r01-endo-3r-ts-opthess.hess
           Mode:       6
      Direction:       1
          Alpha:  0.1000
          Delta:  0.0500
    Damp Factor:  0.0500
    Damp Update:       0
    Max. Displ.:  0.0200
          Guess: r01-endo-3r-ts-opthess.gbw

------------------------------------------------
   Pt.               Energy RMS Grad.       Damp
------------------------------------------------
@    1       -555.408913411   0.00166   5.00e-02
@    2       -555.409226428   0.00189   5.00e-02
@    3       -555.409408782   0.00235   5.00e-02
@    4       -555.409703579   0.00168   5.00e-02
@    5       -555.409998499   0.00200   5.00e-02
@    6       -555.410288642   0.00163   5.00e-02
@    7       -555.410549238   0.00181   5.00e-02
@    8       -555.410772425   0.00141   5.00e-02
@    9       -555.411024844   0.00184   5.00e-02
@   10       -555.411235545   0.00121   5.00e-02
@   11       -555.411467484   0.00175   5.00e-02
@   12       -555.411677410   0.00110   5.00e-02
@   13       -555.411849558   0.00149   5.00e-02
@   14       -555.412007315   0.00111   5.00e-02
@   15       -555.412158844   0.00120   5.00e-02
@   16       -555.412300329   0.00116   5.00e-02
@   17       -555.412433318   0.00120   5.00e-02
@   18       -555.412561645   0.00116   5.00e-02
@   19       -555.412696899   0.00122   5.00e-02
@   20       -555.412824299   0.00114   5.00e-02
@   21       -555.412963877   0.00126   5.00e-02
@   22       -555.413094133   0.00113   5.00e-02
@   23       -555.413242256   0.00134   5.00e-02
@   24       -555.413381660   0.00111   5.00e-02
@   25       -555.413545337   0.00147   5.00e-02
@   26       -555.413705521   0.00109   5.00e-02
@   27       -555.413891223   0.00163   5.00e-02
@   28       -555.414086467   0.00107   5.00e-02
@   29       -555.414282694   0.00172   5.00e-02
@   30       -555.414501012   0.00108   5.00e-02
@   31       -555.414705020   0.00176   5.00e-02
@   32       -555.414937978   0.00113   5.00e-02
@   33       -555.415141771   0.00172   5.00e-02
@   34       -555.415375899   0.00119   5.00e-02
@   35       -555.415586459   0.00167   5.00e-02
@   36       -555.415830440   0.00128   5.00e-02
@   37       -555.416048906   0.00159   5.00e-02
@   38       -555.416304521   0.00140   5.00e-02
@   39       -555.416549043   0.00160   5.00e-02
@   40       -555.416835152   0.00156   5.00e-02
@   41       -555.417121455   0.00167   5.00e-02
@   42       -555.417455910   0.00176   5.00e-02
@   43       -555.417809397   0.00184   5.00e-02
@   44       -555.418223502   0.00200   5.00e-02
@   45       -555.418691028   0.00218   5.00e-02
@   46       -555.419264983   0.00234   5.00e-02
@   47       -555.419985102   0.00261   5.00e-02
@   48       -555.420802708   0.00217   5.00e-02
@   49       -555.421822452   0.00335   5.00e-02
@   50       -555.423066314   0.00206   5.00e-02
@   51       -555.426021724   0.00733   5.00e-02
@   52       -555.430218352   0.00276   5.00e-02
@   53       -555.433631850   0.00684   5.00e-02
@   54       -555.436104653   0.00213   5.00e-02
@   55       -555.437910269   0.00347   5.00e-02
@   56       -555.438764153   0.00164   5.00e-02
@   57       -555.439620114   0.00239   5.00e-02
@   58       -555.440035801   0.00122   5.00e-02
@   59       -555.440231812   0.00110   5.00e-02
@   60       -555.440445013   0.00119   5.00e-02
@   61       -555.440523010   0.00120   5.00e-02
@   62       -555.440645803   0.00103   5.00e-02
@   63       -555.440744663   0.00109   5.00e-02
@   64       -555.440837724   0.00100   5.00e-02
@   65       -555.440902482   0.00109   5.00e-02
@   66       -555.440987125   0.00095   5.00e-02
@   67       -555.441024650   0.00104   5.00e-02
@   68       -555.441096666   0.00097   5.00e-02
@   69       -555.441128237   0.00104   5.00e-02
@   70       -555.441203367   0.00087   5.00e-02
@   71       -555.441265772   0.00086   5.00e-02
@   72       -555.441289353   0.00100   5.00e-02
@   73       -555.441334523   0.00095   5.00e-02
@   74       -555.441366159   0.00098   5.00e-02
@   75       -555.441401013   0.00097   5.00e-02
@   76       -555.441440863   0.00093   5.00e-02
@   77       -555.441479788   0.00094   5.00e-02
@   78       -555.441506334   0.00094   5.00e-02
@   79       -555.441546366   0.00092   5.00e-02
@   80       -555.441566015   0.00096   5.00e-02
@   81       -555.441604900   0.00093   5.00e-02
@   82       -555.441622493   0.00094   5.00e-02
@   83       -555.441661107   0.00091   5.00e-02
@   84       -555.441672515   0.00097   5.00e-02
@   85       -555.441707818   0.00093   5.00e-02
@   86       -555.441720854   0.00094   5.00e-02
@   87       -555.441754686   0.00092   5.00e-02
@   88       -555.441763870   0.00096   5.00e-02
@   89       -555.441794392   0.00093   5.00e-02
@   90       -555.441805049   0.00094   5.00e-02
@   91       -555.441832820   0.00093   5.00e-02
@   92       -555.441842702   0.00094   5.00e-02
@   93       -555.441867410   0.00093   5.00e-02
@   94       -555.441878063   0.00093   5.00e-02
@   95       -555.441899567   0.00094   5.00e-02
@   96       -555.441911135   0.00093   5.00e-02
@   97       -555.441929332   0.00094   5.00e-02
@   98       -555.441942105   0.00092   5.00e-02
@   99       -555.441956815   0.00095   5.00e-02
@  100       -555.441971235   0.00091   5.00e-02
@  101       -555.441982317   0.00096   5.00e-02
----------------------------------------------
--          IRC CALCULATION ENDED           --
--             MAXPTS ACHIEVED!             --
----------------------------------------------
